<?xml version="1.0" encoding="UTF-8"?>
<!-- Generated by org.testng.reporters.JUnitReportReporter -->
<testsuite hostname="MC0AFCSC" failures="0" tests="1" name="com.POM.TestCases.LoginWithInsurance_Test" time="24.103" errors="0" timestamp="24 May 2019 22:02:03 GMT" skipped="0">
  <testcase classname="com.POM.TestCases.LoginWithInsurance_Test" name="verfiy_homepage_correct" time="24.103"/>
</testsuite> <!-- com.POM.TestCases.LoginWithInsurance_Test -->
